Determining if the Q_WS_WIN exist failed with the following output:
Change Dir: /home/elvis/dev/CXX/qsl-1.0/build/CMakeFiles/CMakeTmp

Run Build Command:/usr/bin/make "cmTryCompileExec1858514825/fast"
/usr/bin/make -f CMakeFiles/cmTryCompileExec1858514825.dir/build.make CMakeFiles/cmTryCompileExec1858514825.dir/build
make[1]: Entrando no diretório `/home/elvis/dev/CXX/qsl-1.0/build/CMakeFiles/CMakeTmp'
/usr/bin/cmake -E cmake_progress_report /home/elvis/dev/CXX/qsl-1.0/build/CMakeFiles/CMakeTmp/CMakeFiles 1
Building CXX object CMakeFiles/cmTryCompileExec1858514825.dir/CheckSymbolExists.cxx.o
/usr/bin/c++    -I/usr/include/qt4    -o CMakeFiles/cmTryCompileExec1858514825.dir/CheckSymbolExists.cxx.o -c /home/elvis/dev/CXX/qsl-1.0/build/CMakeFiles/CMakeTmp/CheckSymbolExists.cxx
/home/elvis/dev/CXX/qsl-1.0/build/CMakeFiles/CMakeTmp/CheckSymbolExists.cxx: In function ‘int main(int, char**)’:
/home/elvis/dev/CXX/qsl-1.0/build/CMakeFiles/CMakeTmp/CheckSymbolExists.cxx:8:19: error: ‘Q_WS_WIN’ was not declared in this scope
make[1]: ** [CMakeFiles/cmTryCompileExec1858514825.dir/CheckSymbolExists.cxx.o] Erro 1
make[1]: Saindo do diretório `/home/elvis/dev/CXX/qsl-1.0/build/CMakeFiles/CMakeTmp'
make: ** [cmTryCompileExec1858514825/fast] Erro 2

File /home/elvis/dev/CXX/qsl-1.0/build/CMakeFiles/CMakeTmp/CheckSymbolExists.cxx:
/* */
#include <QtCore/qglobal.h>

int main(int argc, char** argv)
{
  (void)argv;
#ifndef Q_WS_WIN
  return ((int*)(&Q_WS_WIN))[argc];
#else
  (void)argc;
  return 0;
#endif
}

Determining if the Q_WS_QWS exist failed with the following output:
Change Dir: /home/elvis/dev/CXX/qsl-1.0/build/CMakeFiles/CMakeTmp

Run Build Command:/usr/bin/make "cmTryCompileExec2385991216/fast"
/usr/bin/make -f CMakeFiles/cmTryCompileExec2385991216.dir/build.make CMakeFiles/cmTryCompileExec2385991216.dir/build
make[1]: Entrando no diretório `/home/elvis/dev/CXX/qsl-1.0/build/CMakeFiles/CMakeTmp'
/usr/bin/cmake -E cmake_progress_report /home/elvis/dev/CXX/qsl-1.0/build/CMakeFiles/CMakeTmp/CMakeFiles 1
Building CXX object CMakeFiles/cmTryCompileExec2385991216.dir/CheckSymbolExists.cxx.o
/usr/bin/c++    -I/usr/include/qt4    -o CMakeFiles/cmTryCompileExec2385991216.dir/CheckSymbolExists.cxx.o -c /home/elvis/dev/CXX/qsl-1.0/build/CMakeFiles/CMakeTmp/CheckSymbolExists.cxx
/home/elvis/dev/CXX/qsl-1.0/build/CMakeFiles/CMakeTmp/CheckSymbolExists.cxx: In function ‘int main(int, char**)’:
/home/elvis/dev/CXX/qsl-1.0/build/CMakeFiles/CMakeTmp/CheckSymbolExists.cxx:8:19: error: ‘Q_WS_QWS’ was not declared in this scope
make[1]: ** [CMakeFiles/cmTryCompileExec2385991216.dir/CheckSymbolExists.cxx.o] Erro 1
make[1]: Saindo do diretório `/home/elvis/dev/CXX/qsl-1.0/build/CMakeFiles/CMakeTmp'
make: ** [cmTryCompileExec2385991216/fast] Erro 2

File /home/elvis/dev/CXX/qsl-1.0/build/CMakeFiles/CMakeTmp/CheckSymbolExists.cxx:
/* */
#include <QtCore/qglobal.h>

int main(int argc, char** argv)
{
  (void)argv;
#ifndef Q_WS_QWS
  return ((int*)(&Q_WS_QWS))[argc];
#else
  (void)argc;
  return 0;
#endif
}

Determining if the Q_WS_MAC exist failed with the following output:
Change Dir: /home/elvis/dev/CXX/qsl-1.0/build/CMakeFiles/CMakeTmp

Run Build Command:/usr/bin/make "cmTryCompileExec2527490723/fast"
/usr/bin/make -f CMakeFiles/cmTryCompileExec2527490723.dir/build.make CMakeFiles/cmTryCompileExec2527490723.dir/build
make[1]: Entrando no diretório `/home/elvis/dev/CXX/qsl-1.0/build/CMakeFiles/CMakeTmp'
/usr/bin/cmake -E cmake_progress_report /home/elvis/dev/CXX/qsl-1.0/build/CMakeFiles/CMakeTmp/CMakeFiles 1
Building CXX object CMakeFiles/cmTryCompileExec2527490723.dir/CheckSymbolExists.cxx.o
/usr/bin/c++    -I/usr/include/qt4    -o CMakeFiles/cmTryCompileExec2527490723.dir/CheckSymbolExists.cxx.o -c /home/elvis/dev/CXX/qsl-1.0/build/CMakeFiles/CMakeTmp/CheckSymbolExists.cxx
/home/elvis/dev/CXX/qsl-1.0/build/CMakeFiles/CMakeTmp/CheckSymbolExists.cxx: In function ‘int main(int, char**)’:
/home/elvis/dev/CXX/qsl-1.0/build/CMakeFiles/CMakeTmp/CheckSymbolExists.cxx:8:19: error: ‘Q_WS_MAC’ was not declared in this scope
make[1]: ** [CMakeFiles/cmTryCompileExec2527490723.dir/CheckSymbolExists.cxx.o] Erro 1
make[1]: Saindo do diretório `/home/elvis/dev/CXX/qsl-1.0/build/CMakeFiles/CMakeTmp'
make: ** [cmTryCompileExec2527490723/fast] Erro 2

File /home/elvis/dev/CXX/qsl-1.0/build/CMakeFiles/CMakeTmp/CheckSymbolExists.cxx:
/* */
#include <QtCore/qglobal.h>

int main(int argc, char** argv)
{
  (void)argv;
#ifndef Q_WS_MAC
  return ((int*)(&Q_WS_MAC))[argc];
#else
  (void)argc;
  return 0;
#endif
}

